<?xml version="1.0" encoding="UTF-8"?>
<testsuite xmlns:xsi="http://www.w3.org/2001/XMLSchema-instance" xsi:noNamespaceSchemaLocation="https://maven.apache.org/surefire/maven-surefire-plugin/xsd/surefire-test-report-3.0.xsd" version="3.0" name="com.montra.jtt808.integration.Jtt808ServerIntegrationTest" time="2.329" tests="2" errors="0" skipped="0" failures="0">
  <properties>
[...]
</properties>
  <testcase name="testServerHandlesRegistration" classname="com.montra.jtt808.integration.Jtt808ServerIntegrationTest" time="0.684">
    <system-out><![CDATA[11:22:39.335 [Thread-1] DEBUG io.netty.util.internal.logging.InternalLoggerFactory -- Using SLF4J as the default logging framework
11:22:39.345 [Thread-1] DEBUG io.netty.channel.MultithreadEventLoopGroup -- -Dio.netty.eventLoopThreads: 8
11:22:39.359 [Thread-1] DEBUG io.netty.util.concurrent.GlobalEventExecutor -- -Dio.netty.globalEventExecutor.quietPeriodSeconds: 1
11:22:39.368 [Thread-1] DEBUG io.netty.util.internal.InternalThreadLocalMap -- -Dio.netty.threadLocalMap.stringBuilder.initialSize: 1024
11:22:39.368 [Thread-1] DEBUG io.netty.util.internal.InternalThreadLocalMap -- -Dio.netty.threadLocalMap.stringBuilder.maxSize: 4096
11:22:39.395 [Thread-1] DEBUG io.netty.util.internal.PlatformDependent0 -- -Dio.netty.noUnsafe: false
11:22:39.395 [Thread-1] DEBUG io.netty.util.internal.PlatformDependent0 -- Java version: 17
11:22:39.397 [Thread-1] DEBUG io.netty.util.internal.PlatformDependent0 -- sun.misc.Unsafe.theUnsafe: available
11:22:39.397 [Thread-1] DEBUG io.netty.util.internal.PlatformDependent0 -- sun.misc.Unsafe.copyMemory: available
11:22:39.398 [Thread-1] DEBUG io.netty.util.internal.PlatformDependent0 -- sun.misc.Unsafe.storeFence: available
11:22:39.398 [Thread-1] DEBUG io.netty.util.internal.PlatformDependent0 -- java.nio.Buffer.address: available
11:22:39.399 [Thread-1] DEBUG io.netty.util.internal.PlatformDependent0 -- direct buffer constructor: unavailable: Reflective setAccessible(true) disabled
11:22:39.400 [Thread-1] DEBUG io.netty.util.internal.PlatformDependent0 -- java.nio.Bits.unaligned: available, true
11:22:39.401 [Thread-1] DEBUG io.netty.util.internal.PlatformDependent0 -- jdk.internal.misc.Unsafe.allocateUninitializedArray(int): unavailable: class io.netty.util.internal.PlatformDependent0$7 cannot access class jdk.internal.misc.Unsafe (in module java.base) because module java.base does not export jdk.internal.misc to unnamed module @7a30d1e6
11:22:39.402 [Thread-1] DEBUG io.netty.util.internal.PlatformDependent0 -- java.nio.DirectByteBuffer.<init>(long, {int,long}): unavailable
11:22:39.402 [Thread-1] DEBUG io.netty.util.internal.PlatformDependent -- sun.misc.Unsafe: available
11:22:39.403 [Thread-1] DEBUG io.netty.util.internal.PlatformDependent -- maxDirectMemory: 9621733376 bytes (maybe)
11:22:39.404 [Thread-1] DEBUG io.netty.util.internal.PlatformDependent -- -Dio.netty.tmpdir: C:\Users\Fisseha\AppData\Local\Temp (java.io.tmpdir)
11:22:39.405 [Thread-1] DEBUG io.netty.util.internal.PlatformDependent -- -Dio.netty.bitMode: 64 (sun.arch.data.model)
11:22:39.405 [Thread-1] DEBUG io.netty.util.internal.PlatformDependent -- Platform: Windows
11:22:39.407 [Thread-1] DEBUG io.netty.util.internal.PlatformDependent -- -Dio.netty.maxDirectMemory: -1 bytes
11:22:39.407 [Thread-1] DEBUG io.netty.util.internal.PlatformDependent -- -Dio.netty.uninitializedArrayAllocationThreshold: -1
11:22:39.409 [Thread-1] DEBUG io.netty.util.internal.CleanerJava9 -- java.nio.ByteBuffer.cleaner(): available
11:22:39.409 [Thread-1] DEBUG io.netty.util.internal.PlatformDependent -- -Dio.netty.noPreferDirect: false
11:22:39.410 [Thread-1] DEBUG io.netty.channel.nio.NioEventLoop -- -Dio.netty.noKeySetOptimization: false
11:22:39.410 [Thread-1] DEBUG io.netty.channel.nio.NioEventLoop -- -Dio.netty.selectorAutoRebuildThreshold: 512
11:22:39.418 [Thread-1] DEBUG io.netty.util.internal.PlatformDependent -- org.jctools-core.MpscChunkedArrayQueue: available
11:22:39.695 [Thread-1] DEBUG io.netty.channel.DefaultChannelId -- -Dio.netty.processId: 35800 (auto-detected)
11:22:39.700 [Thread-1] DEBUG io.netty.util.NetUtil -- -Djava.net.preferIPv4Stack: false
11:22:39.700 [Thread-1] DEBUG io.netty.util.NetUtil -- -Djava.net.preferIPv6Addresses: false
11:22:39.712 [Thread-1] DEBUG io.netty.util.NetUtilInitializations -- Loopback interface: lo (Software Loopback Interface 1, 127.0.0.1)
11:22:39.713 [Thread-1] DEBUG io.netty.util.NetUtil -- Failed to get SOMAXCONN from sysctl and file \proc\sys\net\core\somaxconn. Default: 200
11:22:39.742 [Thread-1] DEBUG io.netty.channel.DefaultChannelId -- -Dio.netty.machineId: f0:d5:bf:ff:fe:9e:05:57 (auto-detected)
11:22:39.756 [Thread-1] DEBUG io.netty.util.ResourceLeakDetector -- -Dio.netty.leakDetection.level: simple
11:22:39.756 [Thread-1] DEBUG io.netty.util.ResourceLeakDetector -- -Dio.netty.leakDetection.targetRecords: 4
11:22:39.789 [Thread-1] DEBUG io.netty.buffer.PooledByteBufAllocator -- -Dio.netty.allocator.numHeapArenas: 8
11:22:39.789 [Thread-1] DEBUG io.netty.buffer.PooledByteBufAllocator -- -Dio.netty.allocator.numDirectArenas: 8
11:22:39.789 [Thread-1] DEBUG io.netty.buffer.PooledByteBufAllocator -- -Dio.netty.allocator.pageSize: 8192
11:22:39.789 [Thread-1] DEBUG io.netty.buffer.PooledByteBufAllocator -- -Dio.netty.allocator.maxOrder: 9
11:22:39.789 [Thread-1] DEBUG io.netty.buffer.PooledByteBufAllocator -- -Dio.netty.allocator.chunkSize: 4194304
11:22:39.789 [Thread-1] DEBUG io.netty.buffer.PooledByteBufAllocator -- -Dio.netty.allocator.smallCacheSize: 256
11:22:39.789 [Thread-1] DEBUG io.netty.buffer.PooledByteBufAllocator -- -Dio.netty.allocator.normalCacheSize: 64
11:22:39.789 [Thread-1] DEBUG io.netty.buffer.PooledByteBufAllocator -- -Dio.netty.allocator.maxCachedBufferCapacity: 32768
11:22:39.790 [Thread-1] DEBUG io.netty.buffer.PooledByteBufAllocator -- -Dio.netty.allocator.cacheTrimInterval: 8192
11:22:39.790 [Thread-1] DEBUG io.netty.buffer.PooledByteBufAllocator -- -Dio.netty.allocator.cacheTrimIntervalMillis: 0
11:22:39.790 [Thread-1] DEBUG io.netty.buffer.PooledByteBufAllocator -- -Dio.netty.allocator.useCacheForAllThreads: false
11:22:39.790 [Thread-1] DEBUG io.netty.buffer.PooledByteBufAllocator -- -Dio.netty.allocator.maxCachedByteBuffersPerChunk: 1023
11:22:39.815 [Thread-1] DEBUG io.netty.buffer.ByteBufUtil -- -Dio.netty.allocator.type: pooled
11:22:39.816 [Thread-1] DEBUG io.netty.buffer.ByteBufUtil -- -Dio.netty.threadLocalDirectBufferSize: 0
11:22:39.816 [Thread-1] DEBUG io.netty.buffer.ByteBufUtil -- -Dio.netty.maxThreadLocalCharBufferSize: 16384
JTT808 Server started on port 5566
11:22:40.368 [nioEventLoopGroup-3-1] INFO io.netty.handler.logging.LoggingHandler -- [id: 0xb8a766de, L:/127.0.0.1:5566 - R:/127.0.0.1:53999] REGISTERED
11:22:40.368 [nioEventLoopGroup-3-1] INFO io.netty.handler.logging.LoggingHandler -- [id: 0xb8a766de, L:/127.0.0.1:5566 - R:/127.0.0.1:53999] ACTIVE
11:22:40.374 [main] DEBUG io.netty.util.Recycler -- -Dio.netty.recycler.maxCapacityPerThread: 4096
11:22:40.374 [main] DEBUG io.netty.util.Recycler -- -Dio.netty.recycler.ratio: 8
11:22:40.374 [main] DEBUG io.netty.util.Recycler -- -Dio.netty.recycler.chunkSize: 32
11:22:40.374 [main] DEBUG io.netty.util.Recycler -- -Dio.netty.recycler.blocking: false
11:22:40.374 [main] DEBUG io.netty.util.Recycler -- -Dio.netty.recycler.batchFastThreadLocalOnly: true
11:22:40.391 [nioEventLoopGroup-4-1] DEBUG io.netty.buffer.AbstractByteBuf -- -Dio.netty.buffer.checkAccessible: true
11:22:40.391 [nioEventLoopGroup-4-1] DEBUG io.netty.buffer.AbstractByteBuf -- -Dio.netty.buffer.checkBounds: true
11:22:40.392 [nioEventLoopGroup-4-1] DEBUG io.netty.util.ResourceLeakDetectorFactory -- Loaded default ResourceLeakDetector: io.netty.util.ResourceLeakDetector@16b3a9af
11:22:40.419 [nioEventLoopGroup-3-1] INFO io.netty.handler.logging.LoggingHandler -- [id: 0xb8a766de, L:/127.0.0.1:5566 ! R:/127.0.0.1:53999] READ COMPLETE
11:22:40.425 [nioEventLoopGroup-3-1] INFO io.netty.handler.logging.LoggingHandler -- [id: 0xb8a766de, L:/127.0.0.1:5566 ! R:/127.0.0.1:53999] INACTIVE
11:22:40.425 [nioEventLoopGroup-3-1] INFO io.netty.handler.logging.LoggingHandler -- [id: 0xb8a766de, L:/127.0.0.1:5566 ! R:/127.0.0.1:53999] UNREGISTERED
]]></system-out>
    <system-err><![CDATA[Handler error:
io.netty.handler.codec.CorruptedFrameException: Adjusted frame length (-1) is less than lengthFieldEndOffset: 3
	at io.netty.handler.codec.LengthFieldBasedFrameDecoder.failOnFrameLengthLessThanLengthFieldEndOffset(LengthFieldBasedFrameDecoder.java:359)
	at io.netty.handler.codec.LengthFieldBasedFrameDecoder.decode(LengthFieldBasedFrameDecoder.java:419)
	at io.netty.handler.codec.LengthFieldBasedFrameDecoder.decode(LengthFieldBasedFrameDecoder.java:333)
	at io.netty.handler.codec.ByteToMessageDecoder.decodeRemovalReentryProtection(ByteToMessageDecoder.java:529)
	at io.netty.handler.codec.ByteToMessageDecoder.callDecode(ByteToMessageDecoder.java:468)
	at io.netty.handler.codec.ByteToMessageDecoder.channelRead(ByteToMessageDecoder.java:290)
	at io.netty.channel.AbstractChannelHandlerContext.invokeChannelRead(AbstractChannelHandlerContext.java:444)
	at io.netty.channel.AbstractChannelHandlerContext.invokeChannelRead(AbstractChannelHandlerContext.java:420)
	at io.netty.channel.AbstractChannelHandlerContext.fireChannelRead(AbstractChannelHandlerContext.java:412)
	at io.netty.channel.DefaultChannelPipeline$HeadContext.channelRead(DefaultChannelPipeline.java:1410)
	at io.netty.channel.AbstractChannelHandlerContext.invokeChannelRead(AbstractChannelHandlerContext.java:440)
	at io.netty.channel.AbstractChannelHandlerContext.invokeChannelRead(AbstractChannelHandlerContext.java:420)
	at io.netty.channel.DefaultChannelPipeline.fireChannelRead(DefaultChannelPipeline.java:919)
	at io.netty.channel.nio.AbstractNioByteChannel$NioByteUnsafe.read(AbstractNioByteChannel.java:166)
	at io.netty.channel.nio.NioEventLoop.processSelectedKey(NioEventLoop.java:788)
	at io.netty.channel.nio.NioEventLoop.processSelectedKeysOptimized(NioEventLoop.java:724)
	at io.netty.channel.nio.NioEventLoop.processSelectedKeys(NioEventLoop.java:650)
	at io.netty.channel.nio.NioEventLoop.run(NioEventLoop.java:562)
	at io.netty.util.concurrent.SingleThreadEventExecutor$4.run(SingleThreadEventExecutor.java:997)
	at io.netty.util.internal.ThreadExecutorMap$2.run(ThreadExecutorMap.java:74)
	at io.netty.util.concurrent.FastThreadLocalRunnable.run(FastThreadLocalRunnable.java:30)
	at java.base/java.lang.Thread.run(Thread.java:840)
Handler error:
io.netty.handler.codec.TooLongFrameException: Adjusted frame length exceeds 1024: 3098 - discarded
	at io.netty.handler.codec.LengthFieldBasedFrameDecoder.fail(LengthFieldBasedFrameDecoder.java:507)
	at io.netty.handler.codec.LengthFieldBasedFrameDecoder.failIfNecessary(LengthFieldBasedFrameDecoder.java:493)
	at io.netty.handler.codec.LengthFieldBasedFrameDecoder.exceededFrameLength(LengthFieldBasedFrameDecoder.java:377)
	at io.netty.handler.codec.LengthFieldBasedFrameDecoder.decode(LengthFieldBasedFrameDecoder.java:423)
	at com.montra.jtt808.core.handler.Jtt808MessageDecoder.decode(Jtt808MessageDecoder.java:25)
	at io.netty.handler.codec.LengthFieldBasedFrameDecoder.decode(LengthFieldBasedFrameDecoder.java:333)
	at io.netty.handler.codec.ByteToMessageDecoder.decodeRemovalReentryProtection(ByteToMessageDecoder.java:529)
	at io.netty.handler.codec.ByteToMessageDecoder.callDecode(ByteToMessageDecoder.java:468)
	at io.netty.handler.codec.ByteToMessageDecoder.channelRead(ByteToMessageDecoder.java:290)
	at io.netty.channel.AbstractChannelHandlerContext.invokeChannelRead(AbstractChannelHandlerContext.java:444)
	at io.netty.channel.AbstractChannelHandlerContext.invokeChannelRead(AbstractChannelHandlerContext.java:420)
	at io.netty.channel.AbstractChannelHandlerContext.fireChannelRead(AbstractChannelHandlerContext.java:412)
	at io.netty.handler.codec.ByteToMessageDecoder.fireChannelRead(ByteToMessageDecoder.java:346)
	at io.netty.handler.codec.ByteToMessageDecoder.fireChannelRead(ByteToMessageDecoder.java:333)
	at io.netty.handler.codec.ByteToMessageDecoder.callDecode(ByteToMessageDecoder.java:454)
	at io.netty.handler.codec.ByteToMessageDecoder.channelInputClosed(ByteToMessageDecoder.java:426)
	at io.netty.handler.codec.ByteToMessageDecoder.channelInputClosed(ByteToMessageDecoder.java:393)
	at io.netty.handler.codec.ByteToMessageDecoder.channelInactive(ByteToMessageDecoder.java:376)
	at io.netty.channel.AbstractChannelHandlerContext.invokeChannelInactive(AbstractChannelHandlerContext.java:305)
	at io.netty.channel.AbstractChannelHandlerContext.invokeChannelInactive(AbstractChannelHandlerContext.java:281)
	at io.netty.channel.AbstractChannelHandlerContext.fireChannelInactive(AbstractChannelHandlerContext.java:274)
	at io.netty.channel.DefaultChannelPipeline$HeadContext.channelInactive(DefaultChannelPipeline.java:1405)
	at io.netty.channel.AbstractChannelHandlerContext.invokeChannelInactive(AbstractChannelHandlerContext.java:301)
	at io.netty.channel.AbstractChannelHandlerContext.invokeChannelInactive(AbstractChannelHandlerContext.java:281)
	at io.netty.channel.DefaultChannelPipeline.fireChannelInactive(DefaultChannelPipeline.java:901)
	at io.netty.channel.AbstractChannel$AbstractUnsafe$7.run(AbstractChannel.java:813)
	at io.netty.util.concurrent.AbstractEventExecutor.runTask(AbstractEventExecutor.java:174)
	at io.netty.util.concurrent.AbstractEventExecutor.safeExecute(AbstractEventExecutor.java:167)
	at io.netty.util.concurrent.SingleThreadEventExecutor.runAllTasks(SingleThreadEventExecutor.java:470)
	at io.netty.channel.nio.NioEventLoop.run(NioEventLoop.java:566)
	at io.netty.util.concurrent.SingleThreadEventExecutor$4.run(SingleThreadEventExecutor.java:997)
	at io.netty.util.internal.ThreadExecutorMap$2.run(ThreadExecutorMap.java:74)
	at io.netty.util.concurrent.FastThreadLocalRunnable.run(FastThreadLocalRunnable.java:30)
	at java.base/java.lang.Thread.run(Thread.java:840)
]]></system-err>
  </testcase>
  <testcase name="testServerRespondsToHeartbeat" classname="com.montra.jtt808.integration.Jtt808ServerIntegrationTest" time="0.54">
    <system-out><![CDATA[11:22:40.950 [nioEventLoopGroup-3-2] INFO io.netty.handler.logging.LoggingHandler -- [id: 0xd80a46fb, L:/127.0.0.1:5566 - R:/127.0.0.1:54000] REGISTERED
11:22:40.950 [nioEventLoopGroup-3-2] INFO io.netty.handler.logging.LoggingHandler -- [id: 0xd80a46fb, L:/127.0.0.1:5566 - R:/127.0.0.1:54000] ACTIVE
11:22:40.953 [nioEventLoopGroup-3-2] INFO io.netty.handler.logging.LoggingHandler -- [id: 0xd80a46fb, L:/127.0.0.1:5566 ! R:/127.0.0.1:54000] READ COMPLETE
11:22:40.955 [nioEventLoopGroup-3-2] INFO io.netty.handler.logging.LoggingHandler -- [id: 0xd80a46fb, L:/127.0.0.1:5566 ! R:/127.0.0.1:54000] INACTIVE
11:22:40.956 [nioEventLoopGroup-3-2] INFO io.netty.handler.logging.LoggingHandler -- [id: 0xd80a46fb, L:/127.0.0.1:5566 ! R:/127.0.0.1:54000] UNREGISTERED
]]></system-out>
    <system-err><![CDATA[Handler error:
io.netty.handler.codec.CorruptedFrameException: Adjusted frame length (-1) is less than lengthFieldEndOffset: 3
	at io.netty.handler.codec.LengthFieldBasedFrameDecoder.failOnFrameLengthLessThanLengthFieldEndOffset(LengthFieldBasedFrameDecoder.java:359)
	at io.netty.handler.codec.LengthFieldBasedFrameDecoder.decode(LengthFieldBasedFrameDecoder.java:419)
	at io.netty.handler.codec.LengthFieldBasedFrameDecoder.decode(LengthFieldBasedFrameDecoder.java:333)
	at io.netty.handler.codec.ByteToMessageDecoder.decodeRemovalReentryProtection(ByteToMessageDecoder.java:529)
	at io.netty.handler.codec.ByteToMessageDecoder.callDecode(ByteToMessageDecoder.java:468)
	at io.netty.handler.codec.ByteToMessageDecoder.channelRead(ByteToMessageDecoder.java:290)
	at io.netty.channel.AbstractChannelHandlerContext.invokeChannelRead(AbstractChannelHandlerContext.java:444)
	at io.netty.channel.AbstractChannelHandlerContext.invokeChannelRead(AbstractChannelHandlerContext.java:420)
	at io.netty.channel.AbstractChannelHandlerContext.fireChannelRead(AbstractChannelHandlerContext.java:412)
	at io.netty.channel.DefaultChannelPipeline$HeadContext.channelRead(DefaultChannelPipeline.java:1410)
	at io.netty.channel.AbstractChannelHandlerContext.invokeChannelRead(AbstractChannelHandlerContext.java:440)
	at io.netty.channel.AbstractChannelHandlerContext.invokeChannelRead(AbstractChannelHandlerContext.java:420)
	at io.netty.channel.DefaultChannelPipeline.fireChannelRead(DefaultChannelPipeline.java:919)
	at io.netty.channel.nio.AbstractNioByteChannel$NioByteUnsafe.read(AbstractNioByteChannel.java:166)
	at io.netty.channel.nio.NioEventLoop.processSelectedKey(NioEventLoop.java:788)
	at io.netty.channel.nio.NioEventLoop.processSelectedKeysOptimized(NioEventLoop.java:724)
	at io.netty.channel.nio.NioEventLoop.processSelectedKeys(NioEventLoop.java:650)
	at io.netty.channel.nio.NioEventLoop.run(NioEventLoop.java:562)
	at io.netty.util.concurrent.SingleThreadEventExecutor$4.run(SingleThreadEventExecutor.java:997)
	at io.netty.util.internal.ThreadExecutorMap$2.run(ThreadExecutorMap.java:74)
	at io.netty.util.concurrent.FastThreadLocalRunnable.run(FastThreadLocalRunnable.java:30)
	at java.base/java.lang.Thread.run(Thread.java:840)
Handler error:
io.netty.handler.codec.TooLongFrameException: Adjusted frame length exceeds 1024: 3098 - discarded
	at io.netty.handler.codec.LengthFieldBasedFrameDecoder.fail(LengthFieldBasedFrameDecoder.java:507)
	at io.netty.handler.codec.LengthFieldBasedFrameDecoder.failIfNecessary(LengthFieldBasedFrameDecoder.java:493)
	at io.netty.handler.codec.LengthFieldBasedFrameDecoder.exceededFrameLength(LengthFieldBasedFrameDecoder.java:377)
	at io.netty.handler.codec.LengthFieldBasedFrameDecoder.decode(LengthFieldBasedFrameDecoder.java:423)
	at com.montra.jtt808.core.handler.Jtt808MessageDecoder.decode(Jtt808MessageDecoder.java:25)
	at io.netty.handler.codec.LengthFieldBasedFrameDecoder.decode(LengthFieldBasedFrameDecoder.java:333)
	at io.netty.handler.codec.ByteToMessageDecoder.decodeRemovalReentryProtection(ByteToMessageDecoder.java:529)
	at io.netty.handler.codec.ByteToMessageDecoder.callDecode(ByteToMessageDecoder.java:468)
	at io.netty.handler.codec.ByteToMessageDecoder.channelRead(ByteToMessageDecoder.java:290)
	at io.netty.channel.AbstractChannelHandlerContext.invokeChannelRead(AbstractChannelHandlerContext.java:444)
	at io.netty.channel.AbstractChannelHandlerContext.invokeChannelRead(AbstractChannelHandlerContext.java:420)
	at io.netty.channel.AbstractChannelHandlerContext.fireChannelRead(AbstractChannelHandlerContext.java:412)
	at io.netty.handler.codec.ByteToMessageDecoder.fireChannelRead(ByteToMessageDecoder.java:346)
	at io.netty.handler.codec.ByteToMessageDecoder.fireChannelRead(ByteToMessageDecoder.java:333)
	at io.netty.handler.codec.ByteToMessageDecoder.callDecode(ByteToMessageDecoder.java:454)
	at io.netty.handler.codec.ByteToMessageDecoder.channelInputClosed(ByteToMessageDecoder.java:426)
	at io.netty.handler.codec.ByteToMessageDecoder.channelInputClosed(ByteToMessageDecoder.java:393)
	at io.netty.handler.codec.ByteToMessageDecoder.channelInactive(ByteToMessageDecoder.java:376)
	at io.netty.channel.AbstractChannelHandlerContext.invokeChannelInactive(AbstractChannelHandlerContext.java:305)
	at io.netty.channel.AbstractChannelHandlerContext.invokeChannelInactive(AbstractChannelHandlerContext.java:281)
	at io.netty.channel.AbstractChannelHandlerContext.fireChannelInactive(AbstractChannelHandlerContext.java:274)
	at io.netty.channel.DefaultChannelPipeline$HeadContext.channelInactive(DefaultChannelPipeline.java:1405)
	at io.netty.channel.AbstractChannelHandlerContext.invokeChannelInactive(AbstractChannelHandlerContext.java:301)
	at io.netty.channel.AbstractChannelHandlerContext.invokeChannelInactive(AbstractChannelHandlerContext.java:281)
	at io.netty.channel.DefaultChannelPipeline.fireChannelInactive(DefaultChannelPipeline.java:901)
	at io.netty.channel.AbstractChannel$AbstractUnsafe$7.run(AbstractChannel.java:813)
	at io.netty.util.concurrent.AbstractEventExecutor.runTask(AbstractEventExecutor.java:174)
	at io.netty.util.concurrent.AbstractEventExecutor.safeExecute(AbstractEventExecutor.java:167)
	at io.netty.util.concurrent.SingleThreadEventExecutor.runAllTasks(SingleThreadEventExecutor.java:470)
	at io.netty.channel.nio.NioEventLoop.run(NioEventLoop.java:566)
	at io.netty.util.concurrent.SingleThreadEventExecutor$4.run(SingleThreadEventExecutor.java:997)
	at io.netty.util.internal.ThreadExecutorMap$2.run(ThreadExecutorMap.java:74)
	at io.netty.util.concurrent.FastThreadLocalRunnable.run(FastThreadLocalRunnable.java:30)
	at java.base/java.lang.Thread.run(Thread.java:840)
]]></system-err>
  </testcase>
</testsuite>